<?xml version="1.0" encoding="UTF-8"?>
<!-- Generated by org.testng.reporters.JUnitXMLReporter -->
<testsuite ignored="0" hostname="Mukeshs-MacBook-Air-2.local" failures="0" tests="8" name="Default test" time="1.059" errors="0" timestamp="2023-01-29T10:24:49 IST">
  <testcase classname="jan28_ddtviaexcel.SampleTestDDT2" name="sample" time="0.012"/>
  <testcase classname="jan28_ddtviaexcel.SampleTestDDT2" name="sample" time="0.001"/>
  <testcase classname="jan28_ddtviaexcel.SampleTestDDT2" name="sample" time="0.003"/>
  <testcase classname="jan28_ddtviaexcel.SampleTestDDT2" name="sample" time="0.001"/>
  <testcase classname="jan28_ddtviaexcel.SampleTestDDT2" name="sample" time="0.001"/>
  <testcase classname="jan28_ddtviaexcel.SampleTestDDT2" name="sample" time="0.009"/>
  <testcase classname="jan28_ddtviaexcel.SampleTestDDT2" name="sample" time="0.002"/>
  <testcase classname="jan28_ddtviaexcel.SampleTestDDT2" name="sample" time="0.003"/>
</testsuite> <!-- Default test -->
