<?xml version="1.0" encoding="UTF-8"?>
<!-- Generated by org.testng.reporters.JUnitXMLReporter -->
<testsuite ignored="0" hostname="chinnabba" failures="1" tests="2" name="Command line test" time="0.197" errors="0" timestamp="2023-02-04T16:56:37 IST">
  <testcase classname="jan21_testng.SkipTest" name="login" time="0.041">
    <failure type="java.lang.AssertionError" message="expected [true] but found [false]">
      <![CDATA[java.lang.AssertionError: expected [true] but found [false]
at jan21_testng.SkipTest.login(SkipTest.java:18)
at java.base/java.util.ArrayList.forEach(ArrayList.java:1541)
... Removed 41 stack frames]]>
    </failure>
  </testcase> <!-- login -->
  <testcase classname="jan21_testng.SkipTest" name="logout" time="0.0">
    <skipped/>
  </testcase> <!-- logout -->
</testsuite> <!-- Command line test -->
