<?xml version="1.0" encoding="UTF-8"?>
<testng-results ignored="0" total="8" passed="8" failed="0" skipped="0">
  <reporter-output>
  </reporter-output>
  <suite started-at="2023-01-29T10:24:48 IST" name="Default suite" finished-at="2023-01-29T10:24:49 IST" duration-ms="1059">
    <groups>
    </groups>
    <test started-at="2023-01-29T10:24:48 IST" name="Default test" finished-at="2023-01-29T10:24:49 IST" duration-ms="1059">
      <class name="jan28_ddtviaexcel.SampleTestDDT2">
        <test-method signature="sample(java.lang.String,java.lang.String,java.lang.String,java.lang.String,java.lang.String,java.lang.String)[pri:0, instance:jan28_ddtviaexcel.SampleTestDDT2@2d52216b]" started-at="2023-01-29T10:24:49 IST" name="sample" data-provider="EmpDataSet" finished-at="2023-01-29T10:24:49 IST" duration-ms="12" status="PASS">
          <params>
            <param index="0">
              <value>
                <![CDATA[Mukesh]]>
              </value>
            </param>
            <param index="1">
              <value>
                <![CDATA[Otwani]]>
              </value>
            </param>
            <param index="2">
              <value>
                <![CDATA[mukesh@gmail.com]]>
              </value>
            </param>
            <param index="3">
              <value>
                <![CDATA[100.0]]>
              </value>
            </param>
            <param index="4">
              <value>
                <![CDATA[Bangalore]]>
              </value>
            </param>
            <param index="5">
              <value>
                <![CDATA[8978787878]]>
              </value>
            </param>
          </params>
          <reporter-output>
          </reporter-output>
        </test-method> <!-- sample -->
        <test-method signature="sample(java.lang.String,java.lang.String,java.lang.String,java.lang.String,java.lang.String,java.lang.String)[pri:0, instance:jan28_ddtviaexcel.SampleTestDDT2@2d52216b]" started-at="2023-01-29T10:24:49 IST" name="sample" data-provider="EmpDataSet" finished-at="2023-01-29T10:24:49 IST" duration-ms="1" status="PASS">
          <params>
            <param index="0">
              <value>
                <![CDATA[Dapo]]>
              </value>
            </param>
            <param index="1">
              <value>
                <![CDATA[Dapo]]>
              </value>
            </param>
            <param index="2">
              <value>
                <![CDATA[Dapo@gmail.com]]>
              </value>
            </param>
            <param index="3">
              <value>
                <![CDATA[200.0]]>
              </value>
            </param>
            <param index="4">
              <value>
                <![CDATA[London]]>
              </value>
            </param>
            <param index="5">
              <value>
                <![CDATA[8978787878]]>
              </value>
            </param>
          </params>
          <reporter-output>
          </reporter-output>
        </test-method> <!-- sample -->
        <test-method signature="sample(java.lang.String,java.lang.String,java.lang.String,java.lang.String,java.lang.String,java.lang.String)[pri:0, instance:jan28_ddtviaexcel.SampleTestDDT2@2d52216b]" started-at="2023-01-29T10:24:49 IST" name="sample" data-provider="EmpDataSet" finished-at="2023-01-29T10:24:49 IST" duration-ms="3" status="PASS">
          <params>
            <param index="0">
              <value>
                <![CDATA[Chandan]]>
              </value>
            </param>
            <param index="1">
              <value>
                <![CDATA[Kumar]]>
              </value>
            </param>
            <param index="2">
              <value>
                <![CDATA[chandankumar@gmail.com]]>
              </value>
            </param>
            <param index="3">
              <value>
                <![CDATA[300.0]]>
              </value>
            </param>
            <param index="4">
              <value>
                <![CDATA[Pune]]>
              </value>
            </param>
            <param index="5">
              <value>
                <![CDATA[8978787878]]>
              </value>
            </param>
          </params>
          <reporter-output>
          </reporter-output>
        </test-method> <!-- sample -->
        <test-method signature="sample(java.lang.String,java.lang.String,java.lang.String,java.lang.String,java.lang.String,java.lang.String)[pri:0, instance:jan28_ddtviaexcel.SampleTestDDT2@2d52216b]" started-at="2023-01-29T10:24:49 IST" name="sample" data-provider="EmpDataSet" finished-at="2023-01-29T10:24:49 IST" duration-ms="1" status="PASS">
          <params>
            <param index="0">
              <value>
                <![CDATA[Dona]]>
              </value>
            </param>
            <param index="1">
              <value>
                <![CDATA[Mohanty]]>
              </value>
            </param>
            <param index="2">
              <value>
                <![CDATA[dona@gmail.com]]>
              </value>
            </param>
            <param index="3">
              <value>
                <![CDATA[400.0]]>
              </value>
            </param>
            <param index="4">
              <value>
                <![CDATA[NA]]>
              </value>
            </param>
            <param index="5">
              <value>
                <![CDATA[8978787878]]>
              </value>
            </param>
          </params>
          <reporter-output>
          </reporter-output>
        </test-method> <!-- sample -->
        <test-method signature="sample(java.lang.String,java.lang.String,java.lang.String,java.lang.String,java.lang.String,java.lang.String)[pri:0, instance:jan28_ddtviaexcel.SampleTestDDT2@2d52216b]" started-at="2023-01-29T10:24:49 IST" name="sample" data-provider="EmpDataSet" finished-at="2023-01-29T10:24:49 IST" duration-ms="1" status="PASS">
          <params>
            <param index="0">
              <value>
                <![CDATA[Bimlesh]]>
              </value>
            </param>
            <param index="1">
              <value>
                <![CDATA[Kumar]]>
              </value>
            </param>
            <param index="2">
              <value>
                <![CDATA[bimlesh@gmail.com]]>
              </value>
            </param>
            <param index="3">
              <value>
                <![CDATA[500.0]]>
              </value>
            </param>
            <param index="4">
              <value>
                <![CDATA[NA]]>
              </value>
            </param>
            <param index="5">
              <value>
                <![CDATA[8978787878]]>
              </value>
            </param>
          </params>
          <reporter-output>
          </reporter-output>
        </test-method> <!-- sample -->
        <test-method signature="sample(java.lang.String,java.lang.String,java.lang.String,java.lang.String,java.lang.String,java.lang.String)[pri:0, instance:jan28_ddtviaexcel.SampleTestDDT2@2d52216b]" started-at="2023-01-29T10:24:49 IST" name="sample" data-provider="EmpDataSet" finished-at="2023-01-29T10:24:49 IST" duration-ms="9" status="PASS">
          <params>
            <param index="0">
              <value>
                <![CDATA[Arun]]>
              </value>
            </param>
            <param index="1">
              <value>
                <![CDATA[Kumar]]>
              </value>
            </param>
            <param index="2">
              <value>
                <![CDATA[arun@gmail.com]]>
              </value>
            </param>
            <param index="3">
              <value>
                <![CDATA[600.0]]>
              </value>
            </param>
            <param index="4">
              <value>
                <![CDATA[NA]]>
              </value>
            </param>
            <param index="5">
              <value>
                <![CDATA[8978787878]]>
              </value>
            </param>
          </params>
          <reporter-output>
          </reporter-output>
        </test-method> <!-- sample -->
        <test-method signature="sample(java.lang.String,java.lang.String,java.lang.String,java.lang.String,java.lang.String,java.lang.String)[pri:0, instance:jan28_ddtviaexcel.SampleTestDDT2@2d52216b]" started-at="2023-01-29T10:24:49 IST" name="sample" data-provider="EmpDataSet" finished-at="2023-01-29T10:24:49 IST" duration-ms="2" status="PASS">
          <params>
            <param index="0">
              <value>
                <![CDATA[Manali]]>
              </value>
            </param>
            <param index="1">
              <value>
                <![CDATA[Khandelwal]]>
              </value>
            </param>
            <param index="2">
              <value>
                <![CDATA[manali@gmail.com]]>
              </value>
            </param>
            <param index="3">
              <value>
                <![CDATA[700.0]]>
              </value>
            </param>
            <param index="4">
              <value>
                <![CDATA[Bangalore]]>
              </value>
            </param>
            <param index="5">
              <value>
                <![CDATA[8978787878]]>
              </value>
            </param>
          </params>
          <reporter-output>
          </reporter-output>
        </test-method> <!-- sample -->
        <test-method signature="sample(java.lang.String,java.lang.String,java.lang.String,java.lang.String,java.lang.String,java.lang.String)[pri:0, instance:jan28_ddtviaexcel.SampleTestDDT2@2d52216b]" started-at="2023-01-29T10:24:49 IST" name="sample" data-provider="EmpDataSet" finished-at="2023-01-29T10:24:49 IST" duration-ms="3" status="PASS">
          <params>
            <param index="0">
              <value>
                <![CDATA[Sunil]]>
              </value>
            </param>
            <param index="1">
              <value>
                <![CDATA[Gouda]]>
              </value>
            </param>
            <param index="2">
              <value>
                <![CDATA[sunil@selenium.com]]>
              </value>
            </param>
            <param index="3">
              <value>
                <![CDATA[900.0]]>
              </value>
            </param>
            <param index="4">
              <value>
                <![CDATA[Bangalore]]>
              </value>
            </param>
            <param index="5">
              <value>
                <![CDATA[8978787878]]>
              </value>
            </param>
          </params>
          <reporter-output>
          </reporter-output>
        </test-method> <!-- sample -->
      </class> <!-- jan28_ddtviaexcel.SampleTestDDT2 -->
    </test> <!-- Default test -->
  </suite> <!-- Default suite -->
</testng-results>
