<?xml version="1.0" encoding="UTF-8"?>
<!-- Generated by org.testng.reporters.JUnitXMLReporter -->
<testsuite ignored="3" hostname="Mukeshs-MacBook-Air-2.local" failures="1" tests="1" name="Regression(failed)" time="0.107" errors="0" timestamp="2023-01-21T08:31:50 IST">
  <testcase classname="jan15_seleniumgrid.SeleniumWithTestNG" name="verifyTitle" time="0.012">
    <failure type="java.lang.NullPointerException" message="Cannot invoke &amp;quot;org.openqa.selenium.WebDriver.getTitle()&amp;quot; because &amp;quot;this.driver&amp;quot; is null">
      <![CDATA[java.lang.NullPointerException: Cannot invoke "org.openqa.selenium.WebDriver.getTitle()" because "this.driver" is null
at jan15_seleniumgrid.SeleniumWithTestNG.verifyTitle(SeleniumWithTestNG.java:28)
at java.base/java.util.ArrayList.forEach(ArrayList.java:1511)
... Removed 27 stack frames]]>
    </failure>
  </testcase> <!-- verifyTitle -->
  <testcase classname="jan15_seleniumgrid.SeleniumWithTestNG" name="verifyURL" time="0.0">
    <ignored/>
  </testcase> <!-- verifyURL -->
  <testcase classname="jan15_seleniumgrid.SeleniumWithTestNG" name="closeBrowser" time="0.0">
    <ignored/>
  </testcase> <!-- closeBrowser -->
  <testcase classname="jan15_seleniumgrid.SeleniumWithTestNG" name="startBrowser" time="0.0">
    <ignored/>
  </testcase> <!-- startBrowser -->
</testsuite> <!-- Regression(failed) -->
