<?xml version="1.0" encoding="UTF-8"?>
<!-- Generated by org.testng.reporters.JUnitXMLReporter -->
<testsuite ignored="0" hostname="Mukeshs-MacBook-Air-2.local" failures="0" tests="5" name="AssertExample" time="0.013" errors="0" timestamp="2023-01-21T08:45:49 IST">
  <testcase classname="jan15_seleniumgrid.AssertDemo" name="test1" time="0.002"/>
  <testcase classname="jan15_seleniumgrid.AssertDemo" name="test2" time="0.001"/>
  <testcase classname="jan15_seleniumgrid.AssertDemo" name="test3" time="0.0"/>
  <testcase classname="jan15_seleniumgrid.AssertDemo" name="test4" time="0.001"/>
  <testcase classname="jan15_seleniumgrid.AssertDemo" name="test5" time="0.001"/>
</testsuite> <!-- AssertExample -->
