<?xml version="1.0" encoding="UTF-8"?>
<!-- Generated by org.testng.reporters.JUnitXMLReporter -->
<testsuite ignored="0" hostname="Mukeshs-MacBook-Air-2.local" failures="0" tests="16" name="Regression" time="10.932" errors="0" timestamp="2023-01-21T08:47:03 IST">
  <testcase classname="jan15_seleniumgrid.MyFirstTestNG2" name="logoutFromApp" time="0.014"/>
  <testcase classname="jan15_seleniumgrid.MyFirstTestNG2" name="makePayment" time="0.002"/>
  <testcase classname="jan15_seleniumgrid.MyFirstTestNG2" name="login" time="0.001"/>
  <testcase classname="jan15_seleniumgrid.MyFirstTestNG2" name="createAccount" time="0.001"/>
  <testcase classname="jan15_seleniumgrid.SeleniumWithTestNG" name="startBrowser" time="10.505"/>
  <testcase classname="jan15_seleniumgrid.SeleniumWithTestNG" name="verifyURL" time="0.16"/>
  <testcase classname="jan15_seleniumgrid.SeleniumWithTestNG" name="verifyTitle" time="0.01"/>
  <testcase classname="jan15_seleniumgrid.SeleniumWithTestNG" name="closeBrowser" time="0.117"/>
  <testcase classname="jan15_seleniumgrid.MyFirstTestNG" name="test1" time="0.001"/>
  <testcase classname="jan15_seleniumgrid.MyFirstTestNG" name="test2" time="0.001"/>
  <testcase classname="jan15_seleniumgrid.MyFirstTestNG" name="test3" time="0.001"/>
  <testcase classname="jan15_seleniumgrid.AssertDemo" name="test1" time="0.001"/>
  <testcase classname="jan15_seleniumgrid.AssertDemo" name="test2" time="0.001"/>
  <testcase classname="jan15_seleniumgrid.AssertDemo" name="test3" time="0.001"/>
  <testcase classname="jan15_seleniumgrid.AssertDemo" name="test4" time="0.005"/>
  <testcase classname="jan15_seleniumgrid.AssertDemo" name="test5" time="0.001"/>
</testsuite> <!-- Regression -->
