<?xml version="1.0" encoding="UTF-8"?>
<!-- Generated by org.testng.reporters.JUnitXMLReporter -->
<testsuite ignored="0" hostname="Mukeshs-MacBook-Air-2.local" failures="3" tests="4" name="Smoke" time="0.17" errors="0" timestamp="2023-01-21T08:18:12 IST">
  <testcase classname="jan21_testng.SkipTest" name="login" time="0.035">
    <failure type="java.lang.AssertionError" message="expected [true] but found [false]">
      <![CDATA[java.lang.AssertionError: expected [true] but found [false]
at jan21_testng.SkipTest.login(SkipTest.java:20)
at java.base/java.util.ArrayList.forEach(ArrayList.java:1511)
... Removed 31 stack frames]]>
    </failure>
  </testcase> <!-- login -->
  <testcase classname="jan21_testng.SkipTest" name="logout" time="0.001">
    <skipped/>
  </testcase> <!-- logout -->
  <testcase classname="jan21_testng.SoftAssertDemo" name="test1" time="0.005">
    <failure type="java.lang.AssertionError" message="expected [true] but found [false]">
      <![CDATA[java.lang.AssertionError: expected [true] but found [false]
at jan21_testng.SoftAssertDemo.test1(SoftAssertDemo.java:17)
at java.base/java.util.ArrayList.forEach(ArrayList.java:1511)
... Removed 31 stack frames]]>
    </failure>
  </testcase> <!-- test1 -->
  <testcase classname="jan21_testng.SoftAssertDemo" name="test2" time="0.005">
    <failure type="java.lang.AssertionError">
      <![CDATA[java.lang.AssertionError: 
at jan21_testng.SoftAssertDemo.test2(SoftAssertDemo.java:29)
at java.base/java.util.ArrayList.forEach(ArrayList.java:1511)
... Removed 30 stack frames]]>
    </failure>
  </testcase> <!-- test2 -->
</testsuite> <!-- Smoke -->
