<?xml version="1.0" encoding="UTF-8"?>
<!-- Generated by org.testng.reporters.JUnitXMLReporter -->
<testsuite ignored="0" hostname="Mukeshs-MacBook-Air-2.local" failures="0" tests="3" name="TestNGBasics1" time="0.015" errors="0" timestamp="2023-01-21T08:45:49 IST">
  <testcase classname="jan15_seleniumgrid.MyFirstTestNG" name="test1" time="0.001"/>
  <testcase classname="jan15_seleniumgrid.MyFirstTestNG" name="test2" time="0.002"/>
  <testcase classname="jan15_seleniumgrid.MyFirstTestNG" name="test3" time="0.003"/>
</testsuite> <!-- TestNGBasics1 -->
