<?xml version="1.0" encoding="UTF-8"?>
<!-- Generated by org.testng.reporters.JUnitXMLReporter -->
<testsuite ignored="0" hostname="Mukeshs-MacBook-Air-2.local" failures="0" tests="4" name="TestNGWithSelenium" time="11.863" errors="0" timestamp="2023-01-21T08:45:49 IST">
  <testcase classname="jan15_seleniumgrid.SeleniumWithTestNG" name="startBrowser" time="11.526"/>
  <testcase classname="jan15_seleniumgrid.SeleniumWithTestNG" name="verifyURL" time="0.173"/>
  <testcase classname="jan15_seleniumgrid.SeleniumWithTestNG" name="verifyTitle" time="0.008"/>
  <testcase classname="jan15_seleniumgrid.SeleniumWithTestNG" name="closeBrowser" time="0.119"/>
</testsuite> <!-- TestNGWithSelenium -->
