<?xml version="1.0" encoding="UTF-8"?>
<!-- Generated by org.testng.reporters.JUnitXMLReporter -->
<testsuite ignored="0" hostname="Mukeshs-MacBook-Air-2.local" failures="0" tests="4" name="TestNGBasics2" time="0.09" errors="0" timestamp="2023-01-21T08:45:37 IST">
  <testcase classname="jan15_seleniumgrid.MyFirstTestNG2" name="logoutFromApp" time="0.019"/>
  <testcase classname="jan15_seleniumgrid.MyFirstTestNG2" name="makePayment" time="0.003"/>
  <testcase classname="jan15_seleniumgrid.MyFirstTestNG2" name="login" time="0.001"/>
  <testcase classname="jan15_seleniumgrid.MyFirstTestNG2" name="createAccount" time="0.002"/>
</testsuite> <!-- TestNGBasics2 -->
